{
  "stats": {
    "suites": 1,
    "tests": 1,
    "passes": 1,
    "pending": 0,
    "failures": 0,
    "start": "2024-03-14T20:33:59.135Z",
    "end": "2024-03-14T20:34:02.402Z",
    "duration": 3267,
    "testsRegistered": 1,
    "passPercent": 100,
    "pendingPercent": 0,
    "other": 0,
    "hasOther": false,
    "skipped": 0,
    "hasSkipped": false
  },
  "results": [
    {
      "uuid": "1b7b8ec0-c179-4bd0-98da-a6dfe4c3c6af",
      "title": "",
      "fullFile": "cypress/e2e/login-incorreto.cy.ts",
      "file": "cypress/e2e/login-incorreto.cy.ts",
      "beforeHooks": [],
      "afterHooks": [],
      "tests": [],
      "suites": [
        {
          "uuid": "14551caa-d463-4dce-bc74-5f43610205c3",
          "title": "Página de login",
          "fullFile": "",
          "file": "",
          "beforeHooks": [],
          "afterHooks": [],
          "tests": [
            {
              "title": "Verificar mensagens de campos obrigatórios",
              "fullTitle": "Página de login Verificar mensagens de campos obrigatórios",
              "timedOut": null,
              "duration": 1027,
              "state": "passed",
              "speed": "fast",
              "pass": true,
              "fail": false,
              "pending": false,
              "context": null,
              "code": "cy.visit(\"http://localhost:4200/#/home\");\ncy.contains(\"User name is required!\").should(\"be.visible\");\ncy.contains(\"Password is required!\").should(\"be.visible\");",
              "err": {},
              "uuid": "c32e9542-6d8f-4dde-9dcd-3ade7024481d",
              "parentUUID": "14551caa-d463-4dce-bc74-5f43610205c3",
              "isHook": false,
              "skipped": false
            }
          ],
          "suites": [],
          "passes": [
            "c32e9542-6d8f-4dde-9dcd-3ade7024481d"
          ],
          "failures": [],
          "pending": [],
          "skipped": [],
          "duration": 1027,
          "root": false,
          "rootEmpty": false,
          "_timeout": 2000
        }
      ],
      "passes": [],
      "failures": [],
      "pending": [],
      "skipped": [],
      "duration": 0,
      "root": true,
      "rootEmpty": true,
      "_timeout": 2000
    }
  ],
  "meta": {
    "mocha": {
      "version": "7.0.1"
    },
    "mochawesome": {
      "options": {
        "quiet": false,
        "reportFilename": "mochawesome",
        "saveHtml": true,
        "saveJson": true,
        "consoleReporter": "spec",
        "useInlineDiffs": false,
        "code": true
      },
      "version": "7.1.3"
    },
    "marge": {
      "options": null,
      "version": "6.2.0"
    }
  }
}